Determining if the pthread_create exist failed with the following output:
Change Dir: /home/oorozco/uav_arc/build/CMakeFiles/CMakeTmp

Run Build Command:/usr/bin/make "cmTryCompileExec573687383/fast"
/usr/bin/make -f CMakeFiles/cmTryCompileExec573687383.dir/build.make CMakeFiles/cmTryCompileExec573687383.dir/build
make[1]: Entering directory `/home/oorozco/uav_arc/build/CMakeFiles/CMakeTmp'
/usr/bin/cmake -E cmake_progress_report /home/oorozco/uav_arc/build/CMakeFiles/CMakeTmp/CMakeFiles 1
Building C object CMakeFiles/cmTryCompileExec573687383.dir/CheckSymbolExists.c.o
/usr/lib/ccache/cc    -o CMakeFiles/cmTryCompileExec573687383.dir/CheckSymbolExists.c.o   -c /home/oorozco/uav_arc/build/CMakeFiles/CMakeTmp/CheckSymbolExists.c
Linking C executable cmTryCompileExec573687383
/usr/bin/cmake -E cmake_link_script CMakeFiles/cmTryCompileExec573687383.dir/link.txt --verbose=1
/usr/lib/ccache/cc       CMakeFiles/cmTryCompileExec573687383.dir/CheckSymbolExists.c.o  -o cmTryCompileExec573687383 -rdynamic 
CMakeFiles/cmTryCompileExec573687383.dir/CheckSymbolExists.c.o: In function `main':
CheckSymbolExists.c:(.text+0x16): undefined reference to `pthread_create'
collect2: error: ld returned 1 exit status
make[1]: Leaving directory `/home/oorozco/uav_arc/build/CMakeFiles/CMakeTmp'
make[1]: *** [cmTryCompileExec573687383] Error 1
make: *** [cmTryCompileExec573687383/fast] Error 2

File /home/oorozco/uav_arc/build/CMakeFiles/CMakeTmp/CheckSymbolExists.c:
/* */
#include <pthread.h>

int main(int argc, char** argv)
{
  (void)argv;
#ifndef pthread_create
  return ((int*)(&pthread_create))[argc];
#else
  (void)argc;
  return 0;
#endif
}

Determining if the function pthread_create exists in the pthreads failed with the following output:
Change Dir: /home/oorozco/uav_arc/build/CMakeFiles/CMakeTmp

Run Build Command:/usr/bin/make "cmTryCompileExec3735478855/fast"
/usr/bin/make -f CMakeFiles/cmTryCompileExec3735478855.dir/build.make CMakeFiles/cmTryCompileExec3735478855.dir/build
make[1]: Entering directory `/home/oorozco/uav_arc/build/CMakeFiles/CMakeTmp'
/usr/bin/cmake -E cmake_progress_report /home/oorozco/uav_arc/build/CMakeFiles/CMakeTmp/CMakeFiles 1
Building C object CMakeFiles/cmTryCompileExec3735478855.dir/CheckFunctionExists.c.o
/usr/lib/ccache/cc   -DCHECK_FUNCTION_EXISTS=pthread_create   -o CMakeFiles/cmTryCompileExec3735478855.dir/CheckFunctionExists.c.o   -c /usr/share/cmake-2.8/Modules/CheckFunctionExists.c
Linking C executable cmTryCompileExec3735478855
/usr/bin/cmake -E cmake_link_script CMakeFiles/cmTryCompileExec3735478855.dir/link.txt --verbose=1
/usr/lib/ccache/cc   -DCHECK_FUNCTION_EXISTS=pthread_create    CMakeFiles/cmTryCompileExec3735478855.dir/CheckFunctionExists.c.o  -o cmTryCompileExec3735478855 -rdynamic -lpthreads 
/usr/bin/ld: cannot find -lpthreads
collect2: error: ld returned 1 exit status
make[1]: *** [cmTryCompileExec3735478855] Error 1
make[1]: Leaving directory `/home/oorozco/uav_arc/build/CMakeFiles/CMakeTmp'
make: *** [cmTryCompileExec3735478855/fast] Error 2


